<?xml version="1.0" encoding="UTF-8"?>
<testsuite xmlns:xsi="http://www.w3.org/2001/XMLSchema-instance" xsi:noNamespaceSchemaLocation="https://maven.apache.org/surefire/maven-surefire-plugin/xsd/surefire-test-report.xsd" name="com.promineotech.socialMediaApi.AppTest" time="0.122" tests="1" errors="0" skipped="0" failures="0">
  <properties>
    <property name="java.specification.version" value="14"/>
    <property name="sun.jnu.encoding" value="UTF-8"/>
    <property name="java.class.path" value="/Users/zachbeecher/eclipse-workspace/socialMediaApi/target/test-classes:/Users/zachbeecher/eclipse-workspace/socialMediaApi/target/classes:/Users/zachbeecher/.m2/repository/jakarta/xml/bind/jakarta.xml.bind-api/2.3.3/jakarta.xml.bind-api-2.3.3.jar:/Users/zachbeecher/.m2/repository/jakarta/activation/jakarta.activation-api/1.2.2/jakarta.activation-api-1.2.2.jar:/Users/zachbeecher/.m2/repository/org/glassfish/jaxb/jaxb-runtime/2.3.3/jaxb-runtime-2.3.3.jar:/Users/zachbeecher/.m2/repository/org/glassfish/jaxb/txw2/2.3.3/txw2-2.3.3.jar:/Users/zachbeecher/.m2/repository/com/sun/istack/istack-commons-runtime/3.0.11/istack-commons-runtime-3.0.11.jar:/Users/zachbeecher/.m2/repository/com/sun/activation/jakarta.activation/1.2.2/jakarta.activation-1.2.2.jar:/Users/zachbeecher/.m2/repository/org/springframework/boot/spring-boot-starter-web/1.2.6.RELEASE/spring-boot-starter-web-1.2.6.RELEASE.jar:/Users/zachbeecher/.m2/repository/org/springframework/boot/spring-boot-starter/1.2.6.RELEASE/spring-boot-starter-1.2.6.RELEASE.jar:/Users/zachbeecher/.m2/repository/org/springframework/boot/spring-boot/1.2.6.RELEASE/spring-boot-1.2.6.RELEASE.jar:/Users/zachbeecher/.m2/repository/org/springframework/boot/spring-boot-autoconfigure/1.2.6.RELEASE/spring-boot-autoconfigure-1.2.6.RELEASE.jar:/Users/zachbeecher/.m2/repository/org/yaml/snakeyaml/1.14/snakeyaml-1.14.jar:/Users/zachbeecher/.m2/repository/org/springframework/boot/spring-boot-starter-tomcat/1.2.6.RELEASE/spring-boot-starter-tomcat-1.2.6.RELEASE.jar:/Users/zachbeecher/.m2/repository/org/apache/tomcat/embed/tomcat-embed-core/8.0.26/tomcat-embed-core-8.0.26.jar:/Users/zachbeecher/.m2/repository/org/apache/tomcat/embed/tomcat-embed-el/8.0.26/tomcat-embed-el-8.0.26.jar:/Users/zachbeecher/.m2/repository/org/apache/tomcat/embed/tomcat-embed-logging-juli/8.0.26/tomcat-embed-logging-juli-8.0.26.jar:/Users/zachbeecher/.m2/repository/org/apache/tomcat/embed/tomcat-embed-websocket/8.0.26/tomcat-embed-websocket-8.0.26.jar:/Users/zachbeecher/.m2/repository/com/fasterxml/jackson/core/jackson-databind/2.4.6/jackson-databind-2.4.6.jar:/Users/zachbeecher/.m2/repository/com/fasterxml/jackson/core/jackson-annotations/2.4.6/jackson-annotations-2.4.6.jar:/Users/zachbeecher/.m2/repository/com/fasterxml/jackson/core/jackson-core/2.4.6/jackson-core-2.4.6.jar:/Users/zachbeecher/.m2/repository/org/hibernate/hibernate-validator/5.1.3.Final/hibernate-validator-5.1.3.Final.jar:/Users/zachbeecher/.m2/repository/javax/validation/validation-api/1.1.0.Final/validation-api-1.1.0.Final.jar:/Users/zachbeecher/.m2/repository/org/jboss/logging/jboss-logging/3.1.3.GA/jboss-logging-3.1.3.GA.jar:/Users/zachbeecher/.m2/repository/com/fasterxml/classmate/1.0.0/classmate-1.0.0.jar:/Users/zachbeecher/.m2/repository/org/springframework/spring-core/4.1.7.RELEASE/spring-core-4.1.7.RELEASE.jar:/Users/zachbeecher/.m2/repository/org/springframework/spring-web/4.1.7.RELEASE/spring-web-4.1.7.RELEASE.jar:/Users/zachbeecher/.m2/repository/org/springframework/spring-aop/4.1.7.RELEASE/spring-aop-4.1.7.RELEASE.jar:/Users/zachbeecher/.m2/repository/aopalliance/aopalliance/1.0/aopalliance-1.0.jar:/Users/zachbeecher/.m2/repository/org/springframework/spring-beans/4.1.7.RELEASE/spring-beans-4.1.7.RELEASE.jar:/Users/zachbeecher/.m2/repository/org/springframework/spring-context/4.1.7.RELEASE/spring-context-4.1.7.RELEASE.jar:/Users/zachbeecher/.m2/repository/org/springframework/spring-webmvc/4.1.7.RELEASE/spring-webmvc-4.1.7.RELEASE.jar:/Users/zachbeecher/.m2/repository/org/springframework/spring-expression/4.1.7.RELEASE/spring-expression-4.1.7.RELEASE.jar:/Users/zachbeecher/.m2/repository/org/springframework/boot/spring-boot-starter-log4j2/1.2.6.RELEASE/spring-boot-starter-log4j2-1.2.6.RELEASE.jar:/Users/zachbeecher/.m2/repository/org/slf4j/jcl-over-slf4j/1.7.12/jcl-over-slf4j-1.7.12.jar:/Users/zachbeecher/.m2/repository/org/slf4j/jul-to-slf4j/1.7.12/jul-to-slf4j-1.7.12.jar:/Users/zachbeecher/.m2/repository/org/apache/logging/log4j/log4j-slf4j-impl/2.1/log4j-slf4j-impl-2.1.jar:/Users/zachbeecher/.m2/repository/org/apache/logging/log4j/log4j-api/2.1/log4j-api-2.1.jar:/Users/zachbeecher/.m2/repository/org/apache/logging/log4j/log4j-core/2.1/log4j-core-2.1.jar:/Users/zachbeecher/.m2/repository/org/springframework/boot/spring-boot-starter-test/1.2.6.RELEASE/spring-boot-starter-test-1.2.6.RELEASE.jar:/Users/zachbeecher/.m2/repository/org/mockito/mockito-core/1.10.19/mockito-core-1.10.19.jar:/Users/zachbeecher/.m2/repository/org/objenesis/objenesis/2.1/objenesis-2.1.jar:/Users/zachbeecher/.m2/repository/org/hamcrest/hamcrest-core/1.3/hamcrest-core-1.3.jar:/Users/zachbeecher/.m2/repository/org/hamcrest/hamcrest-library/1.3/hamcrest-library-1.3.jar:/Users/zachbeecher/.m2/repository/org/springframework/spring-test/4.1.7.RELEASE/spring-test-4.1.7.RELEASE.jar:/Users/zachbeecher/.m2/repository/mysql/mysql-connector-java/8.0.13/mysql-connector-java-8.0.13.jar:/Users/zachbeecher/.m2/repository/com/google/protobuf/protobuf-java/3.6.1/protobuf-java-3.6.1.jar:/Users/zachbeecher/.m2/repository/com/jayway/jsonpath/json-path/0.9.1/json-path-0.9.1.jar:/Users/zachbeecher/.m2/repository/net/minidev/json-smart/1.2/json-smart-1.2.jar:/Users/zachbeecher/.m2/repository/org/slf4j/slf4j-api/1.7.12/slf4j-api-1.7.12.jar:/Users/zachbeecher/.m2/repository/org/springframework/boot/spring-boot-starter-data-jpa/1.2.6.RELEASE/spring-boot-starter-data-jpa-1.2.6.RELEASE.jar:/Users/zachbeecher/.m2/repository/org/springframework/boot/spring-boot-starter-aop/1.2.6.RELEASE/spring-boot-starter-aop-1.2.6.RELEASE.jar:/Users/zachbeecher/.m2/repository/org/aspectj/aspectjrt/1.8.6/aspectjrt-1.8.6.jar:/Users/zachbeecher/.m2/repository/org/aspectj/aspectjweaver/1.8.6/aspectjweaver-1.8.6.jar:/Users/zachbeecher/.m2/repository/org/springframework/boot/spring-boot-starter-jdbc/1.2.6.RELEASE/spring-boot-starter-jdbc-1.2.6.RELEASE.jar:/Users/zachbeecher/.m2/repository/org/springframework/spring-jdbc/4.1.7.RELEASE/spring-jdbc-4.1.7.RELEASE.jar:/Users/zachbeecher/.m2/repository/org/apache/tomcat/tomcat-jdbc/8.0.26/tomcat-jdbc-8.0.26.jar:/Users/zachbeecher/.m2/repository/org/apache/tomcat/tomcat-juli/8.0.26/tomcat-juli-8.0.26.jar:/Users/zachbeecher/.m2/repository/org/springframework/spring-tx/4.1.7.RELEASE/spring-tx-4.1.7.RELEASE.jar:/Users/zachbeecher/.m2/repository/org/hibernate/hibernate-entitymanager/4.3.11.Final/hibernate-entitymanager-4.3.11.Final.jar:/Users/zachbeecher/.m2/repository/org/jboss/logging/jboss-logging-annotations/1.2.0.Beta1/jboss-logging-annotations-1.2.0.Beta1.jar:/Users/zachbeecher/.m2/repository/org/hibernate/hibernate-core/4.3.11.Final/hibernate-core-4.3.11.Final.jar:/Users/zachbeecher/.m2/repository/antlr/antlr/2.7.7/antlr-2.7.7.jar:/Users/zachbeecher/.m2/repository/org/jboss/jandex/1.1.0.Final/jandex-1.1.0.Final.jar:/Users/zachbeecher/.m2/repository/dom4j/dom4j/1.6.1/dom4j-1.6.1.jar:/Users/zachbeecher/.m2/repository/xml-apis/xml-apis/1.0.b2/xml-apis-1.0.b2.jar:/Users/zachbeecher/.m2/repository/org/hibernate/common/hibernate-commons-annotations/4.0.5.Final/hibernate-commons-annotations-4.0.5.Final.jar:/Users/zachbeecher/.m2/repository/org/hibernate/javax/persistence/hibernate-jpa-2.1-api/1.0.0.Final/hibernate-jpa-2.1-api-1.0.0.Final.jar:/Users/zachbeecher/.m2/repository/org/javassist/javassist/3.18.1-GA/javassist-3.18.1-GA.jar:/Users/zachbeecher/.m2/repository/javax/transaction/javax.transaction-api/1.2/javax.transaction-api-1.2.jar:/Users/zachbeecher/.m2/repository/org/springframework/spring-orm/4.1.7.RELEASE/spring-orm-4.1.7.RELEASE.jar:/Users/zachbeecher/.m2/repository/org/springframework/data/spring-data-jpa/1.7.3.RELEASE/spring-data-jpa-1.7.3.RELEASE.jar:/Users/zachbeecher/.m2/repository/org/springframework/data/spring-data-commons/1.9.3.RELEASE/spring-data-commons-1.9.3.RELEASE.jar:/Users/zachbeecher/.m2/repository/org/springframework/spring-aspects/4.1.7.RELEASE/spring-aspects-4.1.7.RELEASE.jar:/Users/zachbeecher/.m2/repository/org/springframework/security/spring-security-crypto/5.1.2.RELEASE/spring-security-crypto-5.1.2.RELEASE.jar:/Users/zachbeecher/.m2/repository/junit/junit/4.11/junit-4.11.jar:"/>
    <property name="java.vm.vendor" value="Oracle Corporation"/>
    <property name="sun.arch.data.model" value="64"/>
    <property name="java.vendor.url" value="https://openjdk.java.net/"/>
    <property name="os.name" value="Mac OS X"/>
    <property name="java.vm.specification.version" value="14"/>
    <property name="sun.java.launcher" value="SUN_STANDARD"/>
    <property name="user.country" value="US"/>
    <property name="sun.boot.library.path" value="/usr/local/Cellar/openjdk/14.0.1/libexec/openjdk.jdk/Contents/Home/lib"/>
    <property name="sun.java.command" value="/Users/zachbeecher/eclipse-workspace/socialMediaApi/target/surefire/surefirebooter14924468597330980628.jar /Users/zachbeecher/eclipse-workspace/socialMediaApi/target/surefire 2020-08-29T16-13-23_713-jvmRun1 surefire14683228005995840643tmp surefire_04572551398737906864tmp"/>
    <property name="http.nonProxyHosts" value="local|*.local|169.254/16|*.169.254/16"/>
    <property name="jdk.debug" value="release"/>
    <property name="surefire.test.class.path" value="/Users/zachbeecher/eclipse-workspace/socialMediaApi/target/test-classes:/Users/zachbeecher/eclipse-workspace/socialMediaApi/target/classes:/Users/zachbeecher/.m2/repository/jakarta/xml/bind/jakarta.xml.bind-api/2.3.3/jakarta.xml.bind-api-2.3.3.jar:/Users/zachbeecher/.m2/repository/jakarta/activation/jakarta.activation-api/1.2.2/jakarta.activation-api-1.2.2.jar:/Users/zachbeecher/.m2/repository/org/glassfish/jaxb/jaxb-runtime/2.3.3/jaxb-runtime-2.3.3.jar:/Users/zachbeecher/.m2/repository/org/glassfish/jaxb/txw2/2.3.3/txw2-2.3.3.jar:/Users/zachbeecher/.m2/repository/com/sun/istack/istack-commons-runtime/3.0.11/istack-commons-runtime-3.0.11.jar:/Users/zachbeecher/.m2/repository/com/sun/activation/jakarta.activation/1.2.2/jakarta.activation-1.2.2.jar:/Users/zachbeecher/.m2/repository/org/springframework/boot/spring-boot-starter-web/1.2.6.RELEASE/spring-boot-starter-web-1.2.6.RELEASE.jar:/Users/zachbeecher/.m2/repository/org/springframework/boot/spring-boot-starter/1.2.6.RELEASE/spring-boot-starter-1.2.6.RELEASE.jar:/Users/zachbeecher/.m2/repository/org/springframework/boot/spring-boot/1.2.6.RELEASE/spring-boot-1.2.6.RELEASE.jar:/Users/zachbeecher/.m2/repository/org/springframework/boot/spring-boot-autoconfigure/1.2.6.RELEASE/spring-boot-autoconfigure-1.2.6.RELEASE.jar:/Users/zachbeecher/.m2/repository/org/yaml/snakeyaml/1.14/snakeyaml-1.14.jar:/Users/zachbeecher/.m2/repository/org/springframework/boot/spring-boot-starter-tomcat/1.2.6.RELEASE/spring-boot-starter-tomcat-1.2.6.RELEASE.jar:/Users/zachbeecher/.m2/repository/org/apache/tomcat/embed/tomcat-embed-core/8.0.26/tomcat-embed-core-8.0.26.jar:/Users/zachbeecher/.m2/repository/org/apache/tomcat/embed/tomcat-embed-el/8.0.26/tomcat-embed-el-8.0.26.jar:/Users/zachbeecher/.m2/repository/org/apache/tomcat/embed/tomcat-embed-logging-juli/8.0.26/tomcat-embed-logging-juli-8.0.26.jar:/Users/zachbeecher/.m2/repository/org/apache/tomcat/embed/tomcat-embed-websocket/8.0.26/tomcat-embed-websocket-8.0.26.jar:/Users/zachbeecher/.m2/repository/com/fasterxml/jackson/core/jackson-databind/2.4.6/jackson-databind-2.4.6.jar:/Users/zachbeecher/.m2/repository/com/fasterxml/jackson/core/jackson-annotations/2.4.6/jackson-annotations-2.4.6.jar:/Users/zachbeecher/.m2/repository/com/fasterxml/jackson/core/jackson-core/2.4.6/jackson-core-2.4.6.jar:/Users/zachbeecher/.m2/repository/org/hibernate/hibernate-validator/5.1.3.Final/hibernate-validator-5.1.3.Final.jar:/Users/zachbeecher/.m2/repository/javax/validation/validation-api/1.1.0.Final/validation-api-1.1.0.Final.jar:/Users/zachbeecher/.m2/repository/org/jboss/logging/jboss-logging/3.1.3.GA/jboss-logging-3.1.3.GA.jar:/Users/zachbeecher/.m2/repository/com/fasterxml/classmate/1.0.0/classmate-1.0.0.jar:/Users/zachbeecher/.m2/repository/org/springframework/spring-core/4.1.7.RELEASE/spring-core-4.1.7.RELEASE.jar:/Users/zachbeecher/.m2/repository/org/springframework/spring-web/4.1.7.RELEASE/spring-web-4.1.7.RELEASE.jar:/Users/zachbeecher/.m2/repository/org/springframework/spring-aop/4.1.7.RELEASE/spring-aop-4.1.7.RELEASE.jar:/Users/zachbeecher/.m2/repository/aopalliance/aopalliance/1.0/aopalliance-1.0.jar:/Users/zachbeecher/.m2/repository/org/springframework/spring-beans/4.1.7.RELEASE/spring-beans-4.1.7.RELEASE.jar:/Users/zachbeecher/.m2/repository/org/springframework/spring-context/4.1.7.RELEASE/spring-context-4.1.7.RELEASE.jar:/Users/zachbeecher/.m2/repository/org/springframework/spring-webmvc/4.1.7.RELEASE/spring-webmvc-4.1.7.RELEASE.jar:/Users/zachbeecher/.m2/repository/org/springframework/spring-expression/4.1.7.RELEASE/spring-expression-4.1.7.RELEASE.jar:/Users/zachbeecher/.m2/repository/org/springframework/boot/spring-boot-starter-log4j2/1.2.6.RELEASE/spring-boot-starter-log4j2-1.2.6.RELEASE.jar:/Users/zachbeecher/.m2/repository/org/slf4j/jcl-over-slf4j/1.7.12/jcl-over-slf4j-1.7.12.jar:/Users/zachbeecher/.m2/repository/org/slf4j/jul-to-slf4j/1.7.12/jul-to-slf4j-1.7.12.jar:/Users/zachbeecher/.m2/repository/org/apache/logging/log4j/log4j-slf4j-impl/2.1/log4j-slf4j-impl-2.1.jar:/Users/zachbeecher/.m2/repository/org/apache/logging/log4j/log4j-api/2.1/log4j-api-2.1.jar:/Users/zachbeecher/.m2/repository/org/apache/logging/log4j/log4j-core/2.1/log4j-core-2.1.jar:/Users/zachbeecher/.m2/repository/org/springframework/boot/spring-boot-starter-test/1.2.6.RELEASE/spring-boot-starter-test-1.2.6.RELEASE.jar:/Users/zachbeecher/.m2/repository/org/mockito/mockito-core/1.10.19/mockito-core-1.10.19.jar:/Users/zachbeecher/.m2/repository/org/objenesis/objenesis/2.1/objenesis-2.1.jar:/Users/zachbeecher/.m2/repository/org/hamcrest/hamcrest-core/1.3/hamcrest-core-1.3.jar:/Users/zachbeecher/.m2/repository/org/hamcrest/hamcrest-library/1.3/hamcrest-library-1.3.jar:/Users/zachbeecher/.m2/repository/org/springframework/spring-test/4.1.7.RELEASE/spring-test-4.1.7.RELEASE.jar:/Users/zachbeecher/.m2/repository/mysql/mysql-connector-java/8.0.13/mysql-connector-java-8.0.13.jar:/Users/zachbeecher/.m2/repository/com/google/protobuf/protobuf-java/3.6.1/protobuf-java-3.6.1.jar:/Users/zachbeecher/.m2/repository/com/jayway/jsonpath/json-path/0.9.1/json-path-0.9.1.jar:/Users/zachbeecher/.m2/repository/net/minidev/json-smart/1.2/json-smart-1.2.jar:/Users/zachbeecher/.m2/repository/org/slf4j/slf4j-api/1.7.12/slf4j-api-1.7.12.jar:/Users/zachbeecher/.m2/repository/org/springframework/boot/spring-boot-starter-data-jpa/1.2.6.RELEASE/spring-boot-starter-data-jpa-1.2.6.RELEASE.jar:/Users/zachbeecher/.m2/repository/org/springframework/boot/spring-boot-starter-aop/1.2.6.RELEASE/spring-boot-starter-aop-1.2.6.RELEASE.jar:/Users/zachbeecher/.m2/repository/org/aspectj/aspectjrt/1.8.6/aspectjrt-1.8.6.jar:/Users/zachbeecher/.m2/repository/org/aspectj/aspectjweaver/1.8.6/aspectjweaver-1.8.6.jar:/Users/zachbeecher/.m2/repository/org/springframework/boot/spring-boot-starter-jdbc/1.2.6.RELEASE/spring-boot-starter-jdbc-1.2.6.RELEASE.jar:/Users/zachbeecher/.m2/repository/org/springframework/spring-jdbc/4.1.7.RELEASE/spring-jdbc-4.1.7.RELEASE.jar:/Users/zachbeecher/.m2/repository/org/apache/tomcat/tomcat-jdbc/8.0.26/tomcat-jdbc-8.0.26.jar:/Users/zachbeecher/.m2/repository/org/apache/tomcat/tomcat-juli/8.0.26/tomcat-juli-8.0.26.jar:/Users/zachbeecher/.m2/repository/org/springframework/spring-tx/4.1.7.RELEASE/spring-tx-4.1.7.RELEASE.jar:/Users/zachbeecher/.m2/repository/org/hibernate/hibernate-entitymanager/4.3.11.Final/hibernate-entitymanager-4.3.11.Final.jar:/Users/zachbeecher/.m2/repository/org/jboss/logging/jboss-logging-annotations/1.2.0.Beta1/jboss-logging-annotations-1.2.0.Beta1.jar:/Users/zachbeecher/.m2/repository/org/hibernate/hibernate-core/4.3.11.Final/hibernate-core-4.3.11.Final.jar:/Users/zachbeecher/.m2/repository/antlr/antlr/2.7.7/antlr-2.7.7.jar:/Users/zachbeecher/.m2/repository/org/jboss/jandex/1.1.0.Final/jandex-1.1.0.Final.jar:/Users/zachbeecher/.m2/repository/dom4j/dom4j/1.6.1/dom4j-1.6.1.jar:/Users/zachbeecher/.m2/repository/xml-apis/xml-apis/1.0.b2/xml-apis-1.0.b2.jar:/Users/zachbeecher/.m2/repository/org/hibernate/common/hibernate-commons-annotations/4.0.5.Final/hibernate-commons-annotations-4.0.5.Final.jar:/Users/zachbeecher/.m2/repository/org/hibernate/javax/persistence/hibernate-jpa-2.1-api/1.0.0.Final/hibernate-jpa-2.1-api-1.0.0.Final.jar:/Users/zachbeecher/.m2/repository/org/javassist/javassist/3.18.1-GA/javassist-3.18.1-GA.jar:/Users/zachbeecher/.m2/repository/javax/transaction/javax.transaction-api/1.2/javax.transaction-api-1.2.jar:/Users/zachbeecher/.m2/repository/org/springframework/spring-orm/4.1.7.RELEASE/spring-orm-4.1.7.RELEASE.jar:/Users/zachbeecher/.m2/repository/org/springframework/data/spring-data-jpa/1.7.3.RELEASE/spring-data-jpa-1.7.3.RELEASE.jar:/Users/zachbeecher/.m2/repository/org/springframework/data/spring-data-commons/1.9.3.RELEASE/spring-data-commons-1.9.3.RELEASE.jar:/Users/zachbeecher/.m2/repository/org/springframework/spring-aspects/4.1.7.RELEASE/spring-aspects-4.1.7.RELEASE.jar:/Users/zachbeecher/.m2/repository/org/springframework/security/spring-security-crypto/5.1.2.RELEASE/spring-security-crypto-5.1.2.RELEASE.jar:/Users/zachbeecher/.m2/repository/junit/junit/4.11/junit-4.11.jar:"/>
    <property name="sun.cpu.endian" value="little"/>
    <property name="user.home" value="/Users/zachbeecher"/>
    <property name="user.language" value="en"/>
    <property name="java.specification.vendor" value="Oracle Corporation"/>
    <property name="java.version.date" value="2020-04-14"/>
    <property name="java.home" value="/usr/local/Cellar/openjdk/14.0.1/libexec/openjdk.jdk/Contents/Home"/>
    <property name="file.separator" value="/"/>
    <property name="basedir" value="/Users/zachbeecher/eclipse-workspace/socialMediaApi"/>
    <property name="java.vm.compressedOopsMode" value="Zero based"/>
    <property name="line.separator" value="&#10;"/>
    <property name="java.specification.name" value="Java Platform API Specification"/>
    <property name="java.vm.specification.vendor" value="Oracle Corporation"/>
    <property name="surefire.real.class.path" value="/Users/zachbeecher/eclipse-workspace/socialMediaApi/target/surefire/surefirebooter14924468597330980628.jar"/>
    <property name="sun.management.compiler" value="HotSpot 64-Bit Tiered Compilers"/>
    <property name="ftp.nonProxyHosts" value="local|*.local|169.254/16|*.169.254/16"/>
    <property name="java.runtime.version" value="14.0.1+14"/>
    <property name="user.name" value="zachbeecher"/>
    <property name="path.separator" value=":"/>
    <property name="os.version" value="10.13.6"/>
    <property name="java.runtime.name" value="OpenJDK Runtime Environment"/>
    <property name="file.encoding" value="UTF-8"/>
    <property name="java.vm.name" value="OpenJDK 64-Bit Server VM"/>
    <property name="localRepository" value="/Users/zachbeecher/.m2/repository"/>
    <property name="java.vendor.url.bug" value="https://bugreport.java.com/bugreport/"/>
    <property name="java.io.tmpdir" value="/var/folders/4w/q04zykmx1kn2x25n3z1457jh0000gn/T/"/>
    <property name="java.version" value="14.0.1"/>
    <property name="user.dir" value="/Users/zachbeecher/eclipse-workspace/socialMediaApi"/>
    <property name="os.arch" value="x86_64"/>
    <property name="java.vm.specification.name" value="Java Virtual Machine Specification"/>
    <property name="java.library.path" value="/Users/zachbeecher/Library/Java/Extensions:/Library/Java/Extensions:/Network/Library/Java/Extensions:/System/Library/Java/Extensions:/usr/lib/java:."/>
    <property name="java.vm.info" value="mixed mode, sharing"/>
    <property name="java.vendor" value="N/A"/>
    <property name="java.vm.version" value="14.0.1+14"/>
    <property name="sun.io.unicode.encoding" value="UnicodeBig"/>
    <property name="socksNonProxyHosts" value="local|*.local|169.254/16|*.169.254/16"/>
    <property name="java.class.version" value="58.0"/>
  </properties>
  <testcase name="shouldAnswerWithTrue" classname="com.promineotech.socialMediaApi.AppTest" time="0.003"/>
</testsuite>